{
  "RSpec": {
    "coverage": {
      "/Users/soumyaray/Sync/Dropbox/ossdev/projects/codepraise/app-codepraise/require_app.rb": {
        "lines": [
          null,
          null,
          null,
          null,
          null,
          null,
          null,
          null,
          1,
          4,
          1,
          null,
          1,
          29,
          null,
          null
        ]
      },
      "/Users/soumyaray/Sync/Dropbox/ossdev/projects/codepraise/app-codepraise/config/environment.rb": {
        "lines": [
          null,
          null,
          1,
          1,
          1,
          1,
          null,
          1,
          null,
          1,
          1,
          null,
          null,
          1,
          null,
          null,
          null,
          1,
          1,
          null,
          1,
          null,
          null,
          1,
          1,
          1,
          null,
          null,
          null,
          1,
          1,
          null,
          null,
          null
        ]
      },
      "/Users/soumyaray/Sync/Dropbox/ossdev/projects/codepraise/app-codepraise/app/infrastructure/code_praise_api.rb": {
        "lines": [
          null,
          null,
          1,
          1,
          null,
          1,
          1,
          null,
          1,
          1,
          8,
          8,
          null,
          null,
          1,
          1,
          null,
          null,
          1,
          1,
          null,
          null,
          1,
          5,
          null,
          null,
          null,
          null,
          null,
          1,
          1,
          null,
          null,
          null,
          1,
          1,
          8,
          8,
          null,
          null,
          1,
          1,
          null,
          null,
          1,
          1,
          null,
          null,
          null,
          1,
          5,
          null,
          null,
          1,
          1,
          null,
          null,
          null,
          1,
          null,
          1,
          9,
          8,
          null,
          null,
          1,
          8,
          8,
          8,
          0,
          null,
          8,
          null,
          null,
          null,
          null,
          1,
          1,
          null,
          1,
          null,
          1,
          0,
          null,
          null,
          1,
          0,
          null,
          null,
          1,
          0,
          null,
          null,
          1,
          0,
          null,
          null,
          1,
          0,
          null,
          null,
          1,
          0,
          null,
          null,
          1,
          0,
          null,
          null,
          null,
          null,
          null
        ]
      },
      "/Users/soumyaray/Sync/Dropbox/ossdev/projects/codepraise/app-codepraise/app/infrastructure/list_request.rb": {
        "lines": [
          null,
          null,
          1,
          1,
          1,
          null,
          1,
          1,
          1,
          null,
          1,
          1,
          null,
          null,
          1,
          1,
          null,
          null,
          null,
          1,
          0,
          null,
          null,
          null,
          null,
          null
        ]
      },
      "/Users/soumyaray/Sync/Dropbox/ossdev/projects/codepraise/app-codepraise/app/presentation/view_objects/appraisal_processing.rb": {
        "lines": [
          null,
          null,
          1,
          null,
          1,
          1,
          0,
          0,
          null,
          null,
          1,
          0,
          null,
          null,
          1,
          0,
          null,
          null,
          1,
          0,
          null,
          null,
          1,
          0,
          null,
          null,
          null
        ]
      },
      "/Users/soumyaray/Sync/Dropbox/ossdev/projects/codepraise/app-codepraise/app/presentation/view_objects/contributor.rb": {
        "lines": [
          null,
          null,
          1,
          null,
          1,
          1,
          0,
          null,
          null,
          1,
          0,
          null,
          null,
          1,
          0,
          null,
          null,
          1,
          0,
          null,
          null,
          1,
          0,
          null,
          null,
          null
        ]
      },
      "/Users/soumyaray/Sync/Dropbox/ossdev/projects/codepraise/app-codepraise/app/presentation/view_objects/decorators/path_presenter.rb": {
        "lines": [
          null,
          null,
          1,
          null,
          1,
          1,
          0,
          null,
          null,
          1,
          0,
          null,
          null,
          1,
          0,
          null,
          null,
          null
        ]
      },
      "/Users/soumyaray/Sync/Dropbox/ossdev/projects/codepraise/app-codepraise/app/presentation/view_objects/decorators/percent_presenter.rb": {
        "lines": [
          null,
          null,
          1,
          null,
          1,
          1,
          0,
          null,
          0,
          null,
          null,
          null
        ]
      },
      "/Users/soumyaray/Sync/Dropbox/ossdev/projects/codepraise/app-codepraise/app/presentation/view_objects/project.rb": {
        "lines": [
          null,
          null,
          1,
          null,
          1,
          1,
          0,
          0,
          null,
          null,
          1,
          0,
          null,
          null,
          1,
          0,
          null,
          null,
          1,
          0,
          null,
          null,
          1,
          0,
          null,
          null,
          1,
          0,
          null,
          null,
          1,
          0,
          null,
          null,
          1,
          0,
          null,
          null,
          1,
          0,
          null,
          null,
          null
        ]
      },
      "/Users/soumyaray/Sync/Dropbox/ossdev/projects/codepraise/app-codepraise/app/presentation/view_objects/project_file_contributions.rb": {
        "lines": [
          null,
          null,
          1,
          null,
          1,
          1,
          0,
          null,
          null,
          1,
          0,
          null,
          null,
          1,
          0,
          null,
          null,
          null
        ]
      },
      "/Users/soumyaray/Sync/Dropbox/ossdev/projects/codepraise/app-codepraise/app/presentation/view_objects/project_folder_contributions.rb": {
        "lines": [
          null,
          null,
          1,
          null,
          1,
          null,
          1,
          1,
          0,
          0,
          0,
          null,
          null,
          1,
          0,
          0,
          null,
          null,
          null,
          1,
          0,
          null,
          null,
          1,
          0,
          null,
          null,
          null,
          null,
          1,
          0,
          null,
          null,
          1,
          0,
          null,
          null,
          null,
          null,
          1,
          0,
          0,
          null,
          null,
          0,
          null,
          0,
          null,
          null,
          1,
          0,
          null,
          null,
          1,
          0,
          null,
          null,
          1,
          0,
          null,
          null,
          1,
          0,
          null,
          null,
          1,
          0,
          null,
          null,
          1,
          0,
          null,
          null,
          null
        ]
      },
      "/Users/soumyaray/Sync/Dropbox/ossdev/projects/codepraise/app-codepraise/app/presentation/view_objects/projects_list.rb": {
        "lines": [
          null,
          null,
          1,
          null,
          1,
          null,
          1,
          1,
          0,
          0,
          null,
          null,
          null,
          1,
          0,
          0,
          null,
          null,
          null,
          1,
          0,
          null,
          null,
          null
        ]
      },
      "/Users/soumyaray/Sync/Dropbox/ossdev/projects/codepraise/app-codepraise/app/application/controllers/app.rb": {
        "lines": [
          null,
          null,
          1,
          1,
          1,
          1,
          1,
          null,
          1,
          null,
          1,
          1,
          null,
          1,
          1,
          1,
          1,
          1,
          1,
          1,
          null,
          1,
          null,
          1,
          null,
          1,
          1,
          null,
          1,
          0,
          0,
          0,
          null,
          null,
          0,
          null,
          0,
          null,
          0,
          null,
          0,
          0,
          0,
          null,
          0,
          0,
          null,
          0,
          0,
          null,
          null,
          0,
          null,
          null,
          0,
          0,
          null,
          0,
          0,
          0,
          null,
          0,
          0,
          0,
          null,
          null,
          0,
          0,
          0,
          0,
          null,
          null,
          null,
          0,
          null,
          0,
          0,
          0,
          null,
          0,
          null,
          null,
          null,
          0,
          0,
          null,
          null,
          null,
          0,
          null,
          0,
          null,
          null,
          null,
          null,
          0,
          0,
          0,
          null,
          null,
          0,
          null,
          0,
          0,
          null,
          0,
          0,
          null,
          null,
          null,
          0,
          0,
          null,
          null,
          null,
          0,
          null,
          null,
          null,
          null,
          0,
          null,
          null,
          null,
          null,
          null,
          null,
          null
        ]
      },
      "/Users/soumyaray/Sync/Dropbox/ossdev/projects/codepraise/app-codepraise/app/application/controllers/helpers.rb": {
        "lines": [
          null,
          null,
          1,
          1,
          null,
          1,
          1,
          0,
          0,
          0,
          0,
          null,
          null,
          1,
          null,
          1,
          0,
          null,
          null,
          1,
          0,
          null,
          null,
          null,
          null
        ]
      },
      "/Users/soumyaray/Sync/Dropbox/ossdev/projects/codepraise/app-codepraise/app/application/forms/new_project.rb": {
        "lines": [
          null,
          null,
          1,
          null,
          1,
          1,
          null,
          1,
          1,
          1,
          null,
          1,
          1,
          null,
          null,
          1,
          1,
          null,
          null,
          null,
          null
        ]
      },
      "/Users/soumyaray/Sync/Dropbox/ossdev/projects/codepraise/app-codepraise/app/application/representers/contributor_representer.rb": {
        "lines": [
          null,
          null,
          1,
          1,
          null,
          1,
          1,
          null,
          1,
          1,
          null,
          1,
          1,
          null,
          null,
          null
        ]
      },
      "/Users/soumyaray/Sync/Dropbox/ossdev/projects/codepraise/app-codepraise/app/application/representers/credit_share_representer.rb": {
        "lines": [
          null,
          null,
          1,
          1,
          1,
          null,
          1,
          null,
          1,
          1,
          null,
          1,
          1,
          null,
          1,
          1,
          null,
          null,
          null,
          null
        ]
      },
      "/Users/soumyaray/Sync/Dropbox/ossdev/projects/codepraise/app-codepraise/app/application/representers/file_contributions_representer.rb": {
        "lines": [
          null,
          null,
          1,
          1,
          1,
          null,
          1,
          1,
          1,
          1,
          null,
          1,
          1,
          null,
          1,
          1,
          null,
          1,
          1,
          1,
          1,
          1,
          null,
          null,
          null
        ]
      },
      "/Users/soumyaray/Sync/Dropbox/ossdev/projects/codepraise/app-codepraise/app/application/representers/file_path_representer.rb": {
        "lines": [
          null,
          null,
          1,
          1,
          null,
          1,
          null,
          1,
          1,
          null,
          1,
          1,
          null,
          1,
          1,
          null,
          null,
          null
        ]
      },
      "/Users/soumyaray/Sync/Dropbox/ossdev/projects/codepraise/app-codepraise/app/application/representers/line_contribution_representer.rb": {
        "lines": [
          null,
          null,
          1,
          1,
          1,
          null,
          1,
          null,
          1,
          1,
          null,
          1,
          1,
          null,
          1,
          1,
          1,
          1,
          1,
          1,
          null,
          null,
          null
        ]
      },
      "/Users/soumyaray/Sync/Dropbox/ossdev/projects/codepraise/app-codepraise/app/application/representers/folder_contributions_representer.rb": {
        "lines": [
          null,
          null,
          1,
          1,
          1,
          null,
          1,
          1,
          1,
          1,
          null,
          1,
          1,
          null,
          1,
          1,
          null,
          1,
          1,
          1,
          1,
          1,
          1,
          1,
          1,
          1,
          null,
          null,
          null
        ]
      },
      "/Users/soumyaray/Sync/Dropbox/ossdev/projects/codepraise/app-codepraise/app/application/representers/http_response_representer.rb": {
        "lines": [
          null,
          null,
          1,
          1,
          null,
          1,
          1,
          null,
          null,
          null,
          null,
          null,
          1,
          1,
          null,
          1,
          1,
          null,
          1,
          null,
          null,
          null,
          null,
          null,
          null,
          null,
          null,
          null,
          null,
          null,
          null,
          null,
          null,
          1,
          0,
          null,
          null,
          null,
          null
        ]
      },
      "/Users/soumyaray/Sync/Dropbox/ossdev/projects/codepraise/app-codepraise/app/application/representers/member_representer.rb": {
        "lines": [
          null,
          null,
          1,
          1,
          null,
          1,
          1,
          null,
          null,
          null,
          null,
          1,
          1,
          null,
          1,
          1,
          1,
          null,
          null,
          null
        ]
      },
      "/Users/soumyaray/Sync/Dropbox/ossdev/projects/codepraise/app-codepraise/app/application/representers/openstruct_with_links.rb": {
        "lines": [
          null,
          null,
          1,
          null,
          1,
          1,
          null,
          1,
          1,
          null,
          null,
          null
        ]
      },
      "/Users/soumyaray/Sync/Dropbox/ossdev/projects/codepraise/app-codepraise/app/application/representers/project_folder_contributions_representer.rb": {
        "lines": [
          null,
          null,
          1,
          1,
          1,
          null,
          1,
          1,
          null,
          1,
          1,
          null,
          1,
          1,
          null,
          1,
          1,
          null,
          null,
          null
        ]
      },
      "/Users/soumyaray/Sync/Dropbox/ossdev/projects/codepraise/app-codepraise/app/application/representers/project_representer.rb": {
        "lines": [
          null,
          null,
          1,
          1,
          1,
          null,
          1,
          null,
          null,
          1,
          1,
          null,
          1,
          1,
          1,
          1,
          null,
          1,
          1,
          1,
          1,
          1,
          1,
          1,
          1,
          null,
          1,
          0,
          null,
          null,
          1,
          null,
          1,
          0,
          null,
          null,
          1,
          0,
          null,
          null,
          1,
          0,
          null,
          null,
          null,
          null
        ]
      },
      "/Users/soumyaray/Sync/Dropbox/ossdev/projects/codepraise/app-codepraise/app/application/representers/projects_representer.rb": {
        "lines": [
          null,
          null,
          1,
          1,
          null,
          1,
          1,
          null,
          1,
          1,
          null,
          1,
          1,
          null,
          1,
          null,
          null,
          null,
          null
        ]
      },
      "/Users/soumyaray/Sync/Dropbox/ossdev/projects/codepraise/app-codepraise/app/application/services/add_project.rb": {
        "lines": [
          null,
          null,
          1,
          null,
          1,
          1,
          null,
          1,
          1,
          null,
          1,
          1,
          1,
          null,
          1,
          null,
          1,
          1,
          1,
          1,
          null,
          0,
          null,
          null,
          null,
          1,
          1,
          null,
          null,
          0,
          0,
          null,
          0,
          null,
          null,
          0,
          null,
          null,
          1,
          1,
          1,
          null,
          null,
          1,
          0,
          null,
          0,
          null,
          0,
          null,
          null,
          null,
          null
        ]
      },
      "/Users/soumyaray/Sync/Dropbox/ossdev/projects/codepraise/app-codepraise/app/application/services/appraise_project.rb": {
        "lines": [
          null,
          null,
          1,
          null,
          1,
          1,
          null,
          1,
          1,
          null,
          1,
          1,
          1,
          null,
          1,
          null,
          1,
          1,
          null,
          null,
          1,
          1,
          null,
          null,
          0,
          null,
          null,
          null,
          1,
          0,
          null,
          null,
          0,
          0,
          null,
          0,
          null,
          null,
          0,
          null,
          null,
          0,
          null,
          null,
          1,
          1,
          null,
          null,
          0,
          0,
          null,
          0,
          null,
          null,
          0,
          null,
          null,
          1,
          null,
          null,
          1,
          0,
          0,
          null,
          0,
          null,
          null,
          0,
          null,
          0,
          null,
          null,
          null,
          null,
          1,
          0,
          null,
          null,
          null,
          null,
          null,
          null
        ]
      },
      "/Users/soumyaray/Sync/Dropbox/ossdev/projects/codepraise/app-codepraise/app/application/services/list_projects.rb": {
        "lines": [
          null,
          null,
          1,
          null,
          1,
          1,
          null,
          1,
          1,
          null,
          1,
          1,
          null,
          1,
          null,
          1,
          1,
          null,
          null,
          0,
          0,
          null,
          0,
          null,
          null,
          0,
          null,
          null,
          1,
          null,
          null,
          1,
          0,
          null,
          0,
          null,
          0,
          null,
          null,
          null,
          null
        ]
      },
      "/Users/soumyaray/Sync/Dropbox/ossdev/projects/codepraise/app-codepraise/spec/tests/integration/services/appraise_project_spec.rb": {
        "lines": [
          null,
          null,
          1,
          null,
          1,
          1,
          1,
          null,
          null,
          null,
          null,
          null,
          1,
          null,
          null,
          1,
          null,
          null,
          null,
          null,
          1,
          0,
          0,
          0,
          0,
          null,
          null
        ]
      },
      "/Users/soumyaray/Sync/Dropbox/ossdev/projects/codepraise/app-codepraise/spec/tests/integration/services/list_projects_spec.rb": {
        "lines": [
          null,
          null,
          1,
          null,
          1,
          1,
          null,
          1,
          null,
          null,
          null,
          0,
          0,
          null,
          null,
          0,
          0,
          0,
          0,
          null,
          null,
          1,
          null,
          1,
          1,
          null,
          null,
          1,
          0,
          0,
          null,
          null
        ]
      },
      "/Users/soumyaray/Sync/Dropbox/ossdev/projects/codepraise/app-codepraise/spec/tests/unit/codepraise_api_spec.rb": {
        "lines": [
          null,
          null,
          1,
          null,
          1,
          1,
          1,
          0,
          null,
          null,
          1,
          1,
          null,
          null,
          0,
          0,
          null,
          null,
          1,
          null,
          1,
          null,
          null,
          null,
          0,
          0,
          null,
          null,
          null,
          0,
          0,
          0,
          0,
          0,
          null,
          null,
          1,
          null,
          1,
          null,
          null,
          null,
          0,
          null,
          null,
          null,
          null,
          null,
          null,
          0,
          null,
          null,
          null,
          0,
          0,
          0,
          0,
          null,
          null
        ]
      }
    },
    "timestamp": 1766671718
  }
}
